<?xml version="1.0" encoding="UTF-8"?>
<testng-results skipped="0" failed="0" ignored="0" total="1" passed="1">
  <reporter-output>
  </reporter-output>
  <suite name="Suite" duration-ms="304" started-at="2022-04-05T17:21:37 IST" finished-at="2022-04-05T17:21:37 IST">
    <groups>
    </groups>
    <test name="Test" duration-ms="304" started-at="2022-04-05T17:21:37 IST" finished-at="2022-04-05T17:21:37 IST">
      <class name="com.crm.testNg.ChronologicalOrderTest">
        <test-method status="PASS" signature="beforeSuite()[pri:0, instance:com.crm.testNg.ChronologicalOrderTest@612679d6]" name="beforeSuite" is-config="true" duration-ms="53" started-at="2022-04-05T17:21:37 IST" finished-at="2022-04-05T17:21:37 IST">
          <reporter-output>
          </reporter-output>
        </test-method> <!-- beforeSuite -->
        <test-method status="PASS" signature="beforeSuite1()[pri:0, instance:com.crm.testNg.ChronologicalOrderTest@612679d6]" name="beforeSuite1" is-config="true" duration-ms="2" started-at="2022-04-05T17:21:37 IST" finished-at="2022-04-05T17:21:37 IST">
          <reporter-output>
          </reporter-output>
        </test-method> <!-- beforeSuite1 -->
        <test-method status="PASS" signature="beforeSuite2()[pri:0, instance:com.crm.testNg.ChronologicalOrderTest@612679d6]" name="beforeSuite2" is-config="true" duration-ms="6" started-at="2022-04-05T17:21:37 IST" finished-at="2022-04-05T17:21:37 IST">
          <reporter-output>
          </reporter-output>
        </test-method> <!-- beforeSuite2 -->
        <test-method status="PASS" signature="beforeSuite3()[pri:0, instance:com.crm.testNg.ChronologicalOrderTest@612679d6]" name="beforeSuite3" is-config="true" duration-ms="2" started-at="2022-04-05T17:21:37 IST" finished-at="2022-04-05T17:21:37 IST">
          <reporter-output>
          </reporter-output>
        </test-method> <!-- beforeSuite3 -->
        <test-method status="PASS" signature="beforeTest()[pri:0, instance:com.crm.testNg.ChronologicalOrderTest@612679d6]" name="beforeTest" is-config="true" duration-ms="6" started-at="2022-04-05T17:21:37 IST" finished-at="2022-04-05T17:21:37 IST">
          <reporter-output>
          </reporter-output>
        </test-method> <!-- beforeTest -->
        <test-method status="PASS" signature="beforeTest1()[pri:0, instance:com.crm.testNg.ChronologicalOrderTest@612679d6]" name="beforeTest1" is-config="true" duration-ms="1" started-at="2022-04-05T17:21:37 IST" finished-at="2022-04-05T17:21:37 IST">
          <reporter-output>
          </reporter-output>
        </test-method> <!-- beforeTest1 -->
        <test-method status="PASS" signature="beforeTest2()[pri:0, instance:com.crm.testNg.ChronologicalOrderTest@612679d6]" name="beforeTest2" is-config="true" duration-ms="1" started-at="2022-04-05T17:21:37 IST" finished-at="2022-04-05T17:21:37 IST">
          <reporter-output>
          </reporter-output>
        </test-method> <!-- beforeTest2 -->
        <test-method status="PASS" signature="beforeTest3()[pri:0, instance:com.crm.testNg.ChronologicalOrderTest@612679d6]" name="beforeTest3" is-config="true" duration-ms="1" started-at="2022-04-05T17:21:37 IST" finished-at="2022-04-05T17:21:37 IST">
          <reporter-output>
          </reporter-output>
        </test-method> <!-- beforeTest3 -->
        <test-method status="PASS" signature="beforeMethod1()[pri:0, instance:com.crm.testNg.ChronologicalOrderTest@612679d6]" name="beforeMethod1" is-config="true" duration-ms="3" started-at="2022-04-05T17:21:37 IST" finished-at="2022-04-05T17:21:37 IST">
          <reporter-output>
          </reporter-output>
        </test-method> <!-- beforeMethod1 -->
        <test-method status="PASS" signature="beforeMethod2()[pri:0, instance:com.crm.testNg.ChronologicalOrderTest@612679d6]" name="beforeMethod2" is-config="true" duration-ms="5" started-at="2022-04-05T17:21:37 IST" finished-at="2022-04-05T17:21:37 IST">
          <reporter-output>
          </reporter-output>
        </test-method> <!-- beforeMethod2 -->
        <test-method status="PASS" signature="beforeMethod3()[pri:0, instance:com.crm.testNg.ChronologicalOrderTest@612679d6]" name="beforeMethod3" is-config="true" duration-ms="2" started-at="2022-04-05T17:21:37 IST" finished-at="2022-04-05T17:21:37 IST">
          <reporter-output>
          </reporter-output>
        </test-method> <!-- beforeMethod3 -->
        <test-method status="PASS" signature="beforeMethod4()[pri:0, instance:com.crm.testNg.ChronologicalOrderTest@612679d6]" name="beforeMethod4" is-config="true" duration-ms="2" started-at="2022-04-05T17:21:37 IST" finished-at="2022-04-05T17:21:37 IST">
          <reporter-output>
          </reporter-output>
        </test-method> <!-- beforeMethod4 -->
        <test-method status="PASS" signature="beforeMethod5()[pri:0, instance:com.crm.testNg.ChronologicalOrderTest@612679d6]" name="beforeMethod5" is-config="true" duration-ms="1" started-at="2022-04-05T17:21:37 IST" finished-at="2022-04-05T17:21:37 IST">
          <reporter-output>
          </reporter-output>
        </test-method> <!-- beforeMethod5 -->
        <test-method status="PASS" signature="test1()[pri:0, instance:com.crm.testNg.ChronologicalOrderTest@612679d6]" name="test1" duration-ms="44" started-at="2022-04-05T17:21:37 IST" finished-at="2022-04-05T17:21:37 IST">
          <reporter-output>
          </reporter-output>
        </test-method> <!-- test1 -->
      </class> <!-- com.crm.testNg.ChronologicalOrderTest -->
    </test> <!-- Test -->
  </suite> <!-- Suite -->
</testng-results>
